<?xml version="1.0" encoding="UTF-8"?>
<!-- Generated by org.testng.reporters.JUnitXMLReporter -->
<testsuite ignored="0" hostname="Doshena" failures="1" tests="1" name="B_Tests Three" time="4.468" errors="0" timestamp="2024-06-29T23:05:07 CEST">
  <testcase classname="tests.RestTest" name="kms" time="4.46">
    <failure type="java.lang.AssertionError" message="null">
      <![CDATA[java.lang.AssertionError: null
at tests.RestTest.kms(RestTest.java:32)
at java.base/java.util.ArrayList.forEach(ArrayList.java:1511)
... Removed 29 stack frames]]>
    </failure>
  </testcase> <!-- kms -->
</testsuite> <!-- B_Tests Three -->
