<?xml version="1.0" encoding="UTF-8"?>
<testng-results ignored="0" total="1" passed="1" failed="0" skipped="0">
  <reporter-output>
  </reporter-output>
  <suite started-at="2024-07-08T11:56:31 CEST" name="Default suite" finished-at="2024-07-08T11:56:47 CEST" duration-ms="16689">
    <groups>
    </groups>
    <test started-at="2024-07-08T11:56:31 CEST" name="Default test" finished-at="2024-07-08T11:56:47 CEST" duration-ms="16689">
      <class name="tests.SmokeTest">
        <test-method is-config="true" signature="setup()[pri:0, instance:tests.SmokeTest@1fb19a0]" started-at="2024-07-08T11:56:31 CEST" name="setup" finished-at="2024-07-08T11:56:31 CEST" duration-ms="465" status="PASS">
          <reporter-output>
          </reporter-output>
        </test-method> <!-- setup -->
        <test-method signature="smoke()[pri:0, instance:tests.SmokeTest@1fb19a0]" started-at="2024-07-08T11:56:31 CEST" name="smoke" finished-at="2024-07-08T11:56:47 CEST" duration-ms="15419" status="PASS">
          <reporter-output>
          </reporter-output>
        </test-method> <!-- smoke -->
        <test-method is-config="true" signature="afterTest()[pri:0, instance:tests.SmokeTest@1fb19a0]" started-at="2024-07-08T11:56:47 CEST" name="afterTest" finished-at="2024-07-08T11:56:47 CEST" duration-ms="614" status="PASS">
          <reporter-output>
          </reporter-output>
        </test-method> <!-- afterTest -->
      </class> <!-- tests.SmokeTest -->
    </test> <!-- Default test -->
  </suite> <!-- Default suite -->
</testng-results>
